<?xml version="1.0" encoding="UTF-8"?>
<!-- Generated by org.testng.reporters.JUnitReportReporter -->
<testsuite hostname="DESKTOP-NJ0BPAE" failures="0" tests="1" name="com.exelenter.testcases.LoginTest" time="8.664" errors="0" timestamp="2023-02-27T21:35:39 EST" skipped="0">
  <testcase classname="com.exelenter.testcases.LoginTest" name="validAdminLogin" time="8.664"/>
  <system-out/>
</testsuite> <!-- com.exelenter.testcases.LoginTest -->
